빌드 시작: 2016-08-26 오후 3:32:23
     1>2 노드의 "C:\Users\USER\Documents\Visual Studio 2013\Projects\16.08.17_JumpPointSearch\JumpPointSearch\JumpPointSearch.vcxproj" 프로젝트(Build 대상)입니다.
     1>ClCompile:
         C:\Program Files (x86)\Microsoft Visual Studio 12.0\VC\bin\CL.exe /c /ZI /nologo /W3 /WX- /sdl /Od /Oy- /D WIN32 /D _DEBUG /D _WINDOWS /D _UNICODE /D UNICODE /Gm /EHsc /RTC1 /MDd /GS /fp:precise /Zc:wchar_t /Zc:forScope /Yu"stdafx.h" /Fp"Debug\JumpPointSearch.pch" /Fo"Debug\\" /Fd"Debug\vc120.pdb" /Gd /TP /analyze- /errorReport:prompt JumpPoint.cpp
         JumpPoint.cpp
     1>c:\users\user\documents\visual studio 2013\projects\16.08.17_jumppointsearch\jumppointsearch\jumppoint.cpp(343): warning C4244: '=' : 'int'에서 'float'(으)로 변환하면서 데이터가 손실될 수 있습니다.
     1>c:\users\user\documents\visual studio 2013\projects\16.08.17_jumppointsearch\jumppointsearch\jumppoint.cpp(395): warning C4552: '+' : 의미 없는 연산자입니다. 파생 작업이 있는 연산자여야 합니다.
     1>c:\users\user\documents\visual studio 2013\projects\16.08.17_jumppointsearch\jumppointsearch\jumppoint.cpp(410): warning C4552: '+' : 의미 없는 연산자입니다. 파생 작업이 있는 연산자여야 합니다.
     1>c:\users\user\documents\visual studio 2013\projects\16.08.17_jumppointsearch\jumppointsearch\jumppoint.cpp(426): warning C4552: '+' : 의미 없는 연산자입니다. 파생 작업이 있는 연산자여야 합니다.
     1>c:\users\user\documents\visual studio 2013\projects\16.08.17_jumppointsearch\jumppointsearch\jumppoint.cpp(440): warning C4552: '+' : 의미 없는 연산자입니다. 파생 작업이 있는 연산자여야 합니다.
     1>c:\users\user\documents\visual studio 2013\projects\16.08.17_jumppointsearch\jumppointsearch\jumppoint.cpp(454): warning C4552: '+' : 의미 없는 연산자입니다. 파생 작업이 있는 연산자여야 합니다.
     1>c:\users\user\documents\visual studio 2013\projects\16.08.17_jumppointsearch\jumppointsearch\jumppoint.cpp(468): warning C4552: '+' : 의미 없는 연산자입니다. 파생 작업이 있는 연산자여야 합니다.
     1>c:\users\user\documents\visual studio 2013\projects\16.08.17_jumppointsearch\jumppointsearch\jumppoint.cpp(480): warning C4552: '+' : 의미 없는 연산자입니다. 파생 작업이 있는 연산자여야 합니다.
     1>c:\users\user\documents\visual studio 2013\projects\16.08.17_jumppointsearch\jumppointsearch\jumppoint.cpp(492): warning C4552: '+' : 의미 없는 연산자입니다. 파생 작업이 있는 연산자여야 합니다.
     1>c:\users\user\documents\visual studio 2013\projects\16.08.17_jumppointsearch\jumppointsearch\jumppoint.cpp(504): warning C4552: '+' : 의미 없는 연산자입니다. 파생 작업이 있는 연산자여야 합니다.
     1>c:\users\user\documents\visual studio 2013\projects\16.08.17_jumppointsearch\jumppointsearch\jumppoint.cpp(516): warning C4552: '+' : 의미 없는 연산자입니다. 파생 작업이 있는 연산자여야 합니다.
     1>c:\users\user\documents\visual studio 2013\projects\16.08.17_jumppointsearch\jumppointsearch\jumppoint.cpp(528): warning C4552: '+' : 의미 없는 연산자입니다. 파생 작업이 있는 연산자여야 합니다.
     1>c:\users\user\documents\visual studio 2013\projects\16.08.17_jumppointsearch\jumppointsearch\jumppoint.cpp(540): warning C4552: '+' : 의미 없는 연산자입니다. 파생 작업이 있는 연산자여야 합니다.
     1>c:\users\user\documents\visual studio 2013\projects\16.08.17_jumppointsearch\jumppointsearch\jumppoint.cpp(552): warning C4552: '+' : 의미 없는 연산자입니다. 파생 작업이 있는 연산자여야 합니다.
     1>c:\users\user\documents\visual studio 2013\projects\16.08.17_jumppointsearch\jumppointsearch\jumppoint.cpp(354): warning C4101: 'text' :참조되지 않은 지역 변수입니다.
     1>c:\users\user\documents\visual studio 2013\projects\16.08.17_jumppointsearch\jumppointsearch\jumppoint.cpp(330): warning C4715: 'Jump' : 모든 제어 경로에서 값을 반환하지는 않습니다.
       Link:
         C:\Program Files (x86)\Microsoft Visual Studio 12.0\VC\bin\link.exe /ERRORREPORT:PROMPT /OUT:"C:\Users\USER\Documents\Visual Studio 2013\Projects\16.08.17_JumpPointSearch\Debug\JumpPointSearch.exe" /INCREMENTAL /NOLOGO kernel32.lib user32.lib gdi32.lib winspool.lib comdlg32.lib advapi32.lib shell32.lib ole32.lib oleaut32.lib uuid.lib odbc32.lib odbccp32.lib /MANIFEST /MANIFESTUAC:"level='asInvoker' uiAccess='false'" /manifest:embed /DEBUG /PDB:"C:\Users\USER\Documents\Visual Studio 2013\Projects\16.08.17_JumpPointSearch\Debug\JumpPointSearch.pdb" /SUBSYSTEM:WINDOWS /TLBID:1 /DYNAMICBASE /NXCOMPAT /IMPLIB:"C:\Users\USER\Documents\Visual Studio 2013\Projects\16.08.17_JumpPointSearch\Debug\JumpPointSearch.lib" /MACHINE:X86 Debug\JumpPointSearch.res
         Debug\JumpPoint.obj
         Debug\JumpPointSearch.obj
         Debug\stdafx.obj
         JumpPointSearch.vcxproj -> C:\Users\USER\Documents\Visual Studio 2013\Projects\16.08.17_JumpPointSearch\Debug\JumpPointSearch.exe
     1>"C:\Users\USER\Documents\Visual Studio 2013\Projects\16.08.17_JumpPointSearch\JumpPointSearch\JumpPointSearch.vcxproj" 프로젝트를 빌드했습니다(Build 대상).

빌드했습니다.

경과 시간: 00:00:01.53
